<?xml version="1.0" encoding="UTF-8"?>
<testsuite xmlns:xsi="http://www.w3.org/2001/XMLSchema-instance" xsi:noNamespaceSchemaLocation="https://maven.apache.org/surefire/maven-surefire-plugin/xsd/surefire-test-report-3.0.xsd" version="3.0" name="com.example.demo.DemoApplicationTests" time="3.54" tests="1" errors="0" skipped="0" failures="0">
  <properties>
[...]
</properties>
  <testcase name="contextLoads" classname="com.example.demo.DemoApplicationTests" time="0.41">
    <system-out><![CDATA[16:56:19.555 [main] INFO org.springframework.test.context.support.AnnotationConfigContextLoaderUtils -- Could not detect default configuration classes for test class [com.example.demo.DemoApplicationTests]: DemoApplicationTests does not declare any static, non-private, non-final, nested classes annotated with @Configuration.
16:56:19.628 [main] INFO org.springframework.boot.test.context.SpringBootTestContextBootstrapper -- Found @SpringBootConfiguration com.example.demo.DemoApplication for test class com.example.demo.DemoApplicationTests

  .   ____          _            __ _ _
 /\\ / ___'_ __ _ _(_)_ __  __ _ \ \ \ \
( ( )\___ | '_ | '_| | '_ \/ _` | \ \ \ \
 \\/  ___)| |_)| | | | | || (_| |  ) ) ) )
  '  |____| .__|_| |_|_| |_\__, | / / / /
 =========|_|==============|___/=/_/_/_/
 :: Spring Boot ::                (v3.1.2)

2023-08-12T16:56:19.928+05:30  INFO 4576 --- [           main] com.example.demo.DemoApplicationTests    : Starting DemoApplicationTests using Java 17.0.7 with PID 4576 (started by lenovo in C:\Users\lenovo\Desktop\E-Commerce\demo)
2023-08-12T16:56:19.929+05:30  INFO 4576 --- [           main] com.example.demo.DemoApplicationTests    : No active profile set, falling back to 1 default profile: "default"
2023-08-12T16:56:20.368+05:30  INFO 4576 --- [           main] .s.d.r.c.RepositoryConfigurationDelegate : Bootstrapping Spring Data JPA repositories in DEFAULT mode.
2023-08-12T16:56:20.408+05:30  INFO 4576 --- [           main] .s.d.r.c.RepositoryConfigurationDelegate : Finished Spring Data repository scanning in 33 ms. Found 1 JPA repository interfaces.
2023-08-12T16:56:20.739+05:30  INFO 4576 --- [           main] o.hibernate.jpa.internal.util.LogHelper  : HHH000204: Processing PersistenceUnitInfo [name: default]
2023-08-12T16:56:20.777+05:30  INFO 4576 --- [           main] org.hibernate.Version                    : HHH000412: Hibernate ORM core version 6.2.6.Final
2023-08-12T16:56:20.778+05:30  INFO 4576 --- [           main] org.hibernate.cfg.Environment            : HHH000406: Using bytecode reflection optimizer
2023-08-12T16:56:20.893+05:30  INFO 4576 --- [           main] o.h.b.i.BytecodeProviderInitiator        : HHH000021: Bytecode provider name : bytebuddy
2023-08-12T16:56:20.987+05:30  INFO 4576 --- [           main] o.s.o.j.p.SpringPersistenceUnitInfo      : No LoadTimeWeaver setup: ignoring JPA class transformer
2023-08-12T16:56:20.999+05:30  INFO 4576 --- [           main] com.zaxxer.hikari.HikariDataSource       : HikariPool-1 - Starting...
2023-08-12T16:56:21.279+05:30  INFO 4576 --- [           main] com.zaxxer.hikari.pool.HikariPool        : HikariPool-1 - Added connection com.mysql.cj.jdbc.ConnectionImpl@2c7ad4f3
2023-08-12T16:56:21.280+05:30  INFO 4576 --- [           main] com.zaxxer.hikari.HikariDataSource       : HikariPool-1 - Start completed.
2023-08-12T16:56:21.311+05:30  WARN 4576 --- [           main] org.hibernate.orm.deprecation            : HHH90000026: MySQL8Dialect has been deprecated; use org.hibernate.dialect.MySQLDialect instead
2023-08-12T16:56:21.445+05:30  INFO 4576 --- [           main] o.h.b.i.BytecodeProviderInitiator        : HHH000021: Bytecode provider name : bytebuddy
2023-08-12T16:56:21.874+05:30  INFO 4576 --- [           main] o.h.e.t.j.p.i.JtaPlatformInitiator       : HHH000490: Using JtaPlatform implementation: [org.hibernate.engine.transaction.jta.platform.internal.NoJtaPlatform]
2023-08-12T16:56:21.905+05:30  INFO 4576 --- [           main] j.LocalContainerEntityManagerFactoryBean : Initialized JPA EntityManagerFactory for persistence unit 'default'
2023-08-12T16:56:22.134+05:30  WARN 4576 --- [           main] JpaBaseConfiguration$JpaWebConfiguration : spring.jpa.open-in-view is enabled by default. Therefore, database queries may be performed during view rendering. Explicitly configure spring.jpa.open-in-view to disable this warning
2023-08-12T16:56:22.418+05:30  INFO 4576 --- [           main] o.s.s.web.DefaultSecurityFilterChain     : Will secure any request with [org.springframework.security.web.session.DisableEncodeUrlFilter@40ed4674, org.springframework.security.web.context.request.async.WebAsyncManagerIntegrationFilter@2ef63b6d, org.springframework.security.web.context.SecurityContextHolderFilter@1677f98b, org.springframework.security.web.header.HeaderWriterFilter@7f1b2f07, org.springframework.security.web.csrf.CsrfFilter@2ddb6c71, org.springframework.security.web.authentication.logout.LogoutFilter@7866fe3e, org.springframework.security.web.authentication.UsernamePasswordAuthenticationFilter@6b7e4db6, org.springframework.security.web.savedrequest.RequestCacheAwareFilter@3eadfbbb, org.springframework.security.web.servletapi.SecurityContextHolderAwareRequestFilter@550e7ef6, org.springframework.security.web.authentication.AnonymousAuthenticationFilter@377cc0f8, org.springframework.security.web.access.ExceptionTranslationFilter@202fd4c4, org.springframework.security.web.access.intercept.FilterSecurityInterceptor@d62feaf]
2023-08-12T16:56:22.558+05:30  INFO 4576 --- [           main] com.example.demo.DemoApplicationTests    : Started DemoApplicationTests in 2.817 seconds (process running for 3.552)
]]></system-out>
  </testcase>
</testsuite>